<?xml version="1.0" encoding="UTF-8"?>
<!-- Generated by org.testng.reporters.JUnitXMLReporter -->
<testsuite ignored="0" hostname="AWATANY-A40-D" failures="0" tests="5" name="Default test" time="0.804" errors="0" timestamp="2022-03-12T19:30:34 EET">
  <testcase classname="com.SWAGLABS.Testcases.HomePage" name="@BeforeMethod setUp" time="0.295">
    <failure type="java.lang.IllegalStateException" message="The driver executable must exist: D:\Selenium\eclipse-workspace\Dell_Task\..\..\..\chrome_driver_bin\chromedriver.exe">
      <![CDATA[java.lang.IllegalStateException: The driver executable must exist: D:\Selenium\eclipse-workspace\Dell_Task\..\..\..\chrome_driver_bin\chromedriver.exe
at org.openqa.selenium.internal.Require$FileStateChecker.isFile(Require.java:342)
at org.openqa.selenium.remote.service.DriverService.checkExecutable(DriverService.java:147)
at org.openqa.selenium.remote.service.DriverService.findExecutable(DriverService.java:142)
at org.openqa.selenium.chrome.ChromeDriverService.access$000(ChromeDriverService.java:38)
at org.openqa.selenium.chrome.ChromeDriverService$Builder.findDefaultExecutable(ChromeDriverService.java:231)
at org.openqa.selenium.remote.service.DriverService$Builder.build(DriverService.java:437)
at org.openqa.selenium.chrome.ChromeDriverService.createDefaultService(ChromeDriverService.java:127)
at org.openqa.selenium.chrome.ChromeDriver.<init>(ChromeDriver.java:48)
at com.SWAGLABS.Testcases.HomePage.setUp(HomePage.java:28)
at java.base/jdk.internal.reflect.NativeMethodAccessorImpl.invoke0(Native Method)
at java.base/jdk.internal.reflect.NativeMethodAccessorImpl.invoke(NativeMethodAccessorImpl.java:77)
at java.base/jdk.internal.reflect.DelegatingMethodAccessorImpl.invoke(DelegatingMethodAccessorImpl.java:43)
at java.base/java.lang.reflect.Method.invoke(Method.java:568)
at org.testng.internal.MethodInvocationHelper.invokeMethod(MethodInvocationHelper.java:133)
at org.testng.internal.MethodInvocationHelper.invokeMethodConsideringTimeout(MethodInvocationHelper.java:62)
at org.testng.internal.ConfigInvoker.invokeConfigurationMethod(ConfigInvoker.java:385)
at org.testng.internal.ConfigInvoker.invokeConfigurations(ConfigInvoker.java:321)
at org.testng.internal.TestInvoker.runConfigMethods(TestInvoker.java:700)
at org.testng.internal.TestInvoker.invokeMethod(TestInvoker.java:527)
at org.testng.internal.TestInvoker.invokeTestMethod(TestInvoker.java:173)
at org.testng.internal.MethodRunner.runInSequence(MethodRunner.java:46)
at org.testng.internal.TestInvoker$MethodInvocationAgent.invoke(TestInvoker.java:824)
at org.testng.internal.TestInvoker.invokeTestMethods(TestInvoker.java:146)
at org.testng.internal.TestMethodWorker.invokeTestMethods(TestMethodWorker.java:146)
at org.testng.internal.TestMethodWorker.run(TestMethodWorker.java:128)
at java.base/java.util.ArrayList.forEach(ArrayList.java:1511)
at org.testng.TestRunner.privateRun(TestRunner.java:794)
at org.testng.TestRunner.run(TestRunner.java:596)
at org.testng.SuiteRunner.runTest(SuiteRunner.java:377)
at org.testng.SuiteRunner.runSequentially(SuiteRunner.java:371)
at org.testng.SuiteRunner.privateRun(SuiteRunner.java:332)
at org.testng.SuiteRunner.run(SuiteRunner.java:276)
at org.testng.SuiteRunnerWorker.runSuite(SuiteRunnerWorker.java:53)
at org.testng.SuiteRunnerWorker.run(SuiteRunnerWorker.java:96)
at org.testng.TestNG.runSuitesSequentially(TestNG.java:1212)
at org.testng.TestNG.runSuitesLocally(TestNG.java:1134)
at org.testng.TestNG.runSuites(TestNG.java:1063)
at org.testng.TestNG.run(TestNG.java:1031)
at org.testng.remote.AbstractRemoteTestNG.run(AbstractRemoteTestNG.java:115)
at org.testng.remote.RemoteTestNG.initAndRun(RemoteTestNG.java:251)
at org.testng.remote.RemoteTestNG.main(RemoteTestNG.java:77)
]]>
    </failure>
  </testcase> <!-- @BeforeMethod setUp -->
  <testcase classname="com.SWAGLABS.Testcases.HomePage" name="@AfterMethod tearDown" time="-1.64710623423E9">
    <skipped/>
  </testcase> <!-- @AfterMethod tearDown -->
  <testcase classname="com.SWAGLABS.Testcases.HomePage" name="@BeforeMethod setUp" time="-1.647106234258E9">
    <skipped/>
  </testcase> <!-- @BeforeMethod setUp -->
  <testcase classname="com.SWAGLABS.Testcases.HomePage" name="@AfterMethod tearDown" time="-1.647106234285E9">
    <skipped/>
  </testcase> <!-- @AfterMethod tearDown -->
  <testcase classname="com.SWAGLABS.Testcases.HomePage" name="@BeforeMethod setUp" time="-1.647106234316E9">
    <skipped/>
  </testcase> <!-- @BeforeMethod setUp -->
  <testcase classname="com.SWAGLABS.Testcases.HomePage" name="@AfterMethod tearDown" time="-1.647106234356E9">
    <skipped/>
  </testcase> <!-- @AfterMethod tearDown -->
  <testcase classname="com.SWAGLABS.Testcases.HomePage" name="@BeforeMethod setUp" time="-1.647106234366E9">
    <skipped/>
  </testcase> <!-- @BeforeMethod setUp -->
  <testcase classname="com.SWAGLABS.Testcases.HomePage" name="@AfterMethod tearDown" time="-1.647106234402E9">
    <skipped/>
  </testcase> <!-- @AfterMethod tearDown -->
  <testcase classname="com.SWAGLABS.Testcases.HomePage" name="@BeforeMethod setUp" time="-1.647106234412E9">
    <skipped/>
  </testcase> <!-- @BeforeMethod setUp -->
  <testcase classname="com.SWAGLABS.Testcases.HomePage" name="@AfterMethod tearDown" time="-1.647106234431E9">
    <skipped/>
  </testcase> <!-- @AfterMethod tearDown -->
  <testcase classname="com.SWAGLABS.Testcases.HomePage" name="allItemFunctionTest" time="0.001">
    <skipped/>
  </testcase> <!-- allItemFunctionTest -->
  <testcase classname="com.SWAGLABS.Testcases.HomePage" name="facebookIconTest" time="0.0">
    <skipped/>
  </testcase> <!-- facebookIconTest -->
  <testcase classname="com.SWAGLABS.Testcases.HomePage" name="filterationTest" time="0.0">
    <skipped/>
  </testcase> <!-- filterationTest -->
  <testcase classname="com.SWAGLABS.Testcases.HomePage" name="linkedInIconTest" time="0.0">
    <skipped/>
  </testcase> <!-- linkedInIconTest -->
  <testcase classname="com.SWAGLABS.Testcases.HomePage" name="twitterIconTest" time="0.0">
    <skipped/>
  </testcase> <!-- twitterIconTest -->
</testsuite> <!-- Default test -->
