<?xml version="1.0" encoding="UTF-8"?>
<!-- Generated by org.testng.reporters.JUnitXMLReporter -->
<testsuite ignored="0" hostname="AWATANY-A40-D" failures="1" tests="16" name="End to End Test" time="204.674" errors="0" timestamp="2022-03-12T14:13:02 EET">
  <testcase classname="com.SWAGLABS.Testcases.HomePage" name="filterationTest" time="2.25">
    <failure type="org.openqa.selenium.StaleElementReferenceException" message="stale element reference: element is not attached to the page document
  (Session info: chrome=99.0.4844.51)
For documentation on this error, please visit: https://selenium.dev/exceptions/#stale_element_reference
Build info: version: &amp;apos;4.1.2&amp;apos;, revision: &amp;apos;9a5a329c5a&amp;apos;
System info: host: &amp;apos;AWATANY-A40-D&amp;apos;, ip: &amp;apos;192.168.1.6&amp;apos;, os.name: &amp;apos;Windows 10&amp;apos;, os.arch: &amp;apos;amd64&amp;apos;, os.version: &amp;apos;10.0&amp;apos;, java.version: &amp;apos;17.0.2&amp;apos;
Driver info: org.openqa.selenium.chrome.ChromeDriver
Command: [e4c23de425a70fb808a5461d9bed9ee7, findChildElements {id=146d226d-b89d-4040-9a61-574b5c4954c2, using=xpath, value=.//option[@value = &amp;quot;hilo&amp;quot;]}]
Capabilities {acceptInsecureCerts: false, browserName: chrome, browserVersion: 99.0.4844.51, chrome: {chromedriverVersion: 99.0.4844.51 (d537ec02474b5..., userDataDir: C:\Users\AWATANY\AppData\Lo...}, goog:chromeOptions: {debuggerAddress: localhost:50182}, javascriptEnabled: true, networkConnectionEnabled: false, pageLoadStrategy: normal, platform: WINDOWS, platformName: WINDOWS, proxy: Proxy(), se:cdp: ws://localhost:50182/devtoo..., se:cdpVersion: 99.0.4844.51, setWindowRect: true, strictFileInteractability: false, timeouts: {implicit: 0, pageLoad: 300000, script: 30000}, unhandledPromptBehavior: dismiss and notify, webauthn:extension:credBlob: true, webauthn:extension:largeBlob: true, webauthn:virtualAuthenticators: true}
Session ID: e4c23de425a70fb808a5461d9bed9ee7">
      <![CDATA[org.openqa.selenium.StaleElementReferenceException: stale element reference: element is not attached to the page document
  (Session info: chrome=99.0.4844.51)
For documentation on this error, please visit: https://selenium.dev/exceptions/#stale_element_reference
Build info: version: '4.1.2', revision: '9a5a329c5a'
System info: host: 'AWATANY-A40-D', ip: '192.168.1.6', os.name: 'Windows 10', os.arch: 'amd64', os.version: '10.0', java.version: '17.0.2'
Driver info: org.openqa.selenium.chrome.ChromeDriver
Command: [e4c23de425a70fb808a5461d9bed9ee7, findChildElements {id=146d226d-b89d-4040-9a61-574b5c4954c2, using=xpath, value=.//option[@value = "hilo"]}]
Capabilities {acceptInsecureCerts: false, browserName: chrome, browserVersion: 99.0.4844.51, chrome: {chromedriverVersion: 99.0.4844.51 (d537ec02474b5..., userDataDir: C:\Users\AWATANY\AppData\Lo...}, goog:chromeOptions: {debuggerAddress: localhost:50182}, javascriptEnabled: true, networkConnectionEnabled: false, pageLoadStrategy: normal, platform: WINDOWS, platformName: WINDOWS, proxy: Proxy(), se:cdp: ws://localhost:50182/devtoo..., se:cdpVersion: 99.0.4844.51, setWindowRect: true, strictFileInteractability: false, timeouts: {implicit: 0, pageLoad: 300000, script: 30000}, unhandledPromptBehavior: dismiss and notify, webauthn:extension:credBlob: true, webauthn:extension:largeBlob: true, webauthn:virtualAuthenticators: true}
Session ID: e4c23de425a70fb808a5461d9bed9ee7
at org.openqa.selenium.remote.codec.w3c.W3CHttpResponseCodec.createException(W3CHttpResponseCodec.java:200)
at org.openqa.selenium.remote.codec.w3c.W3CHttpResponseCodec.decode(W3CHttpResponseCodec.java:133)
at org.openqa.selenium.remote.codec.w3c.W3CHttpResponseCodec.decode(W3CHttpResponseCodec.java:53)
at org.openqa.selenium.remote.HttpCommandExecutor.execute(HttpCommandExecutor.java:184)
at org.openqa.selenium.remote.service.DriverCommandExecutor.invokeExecute(DriverCommandExecutor.java:167)
at org.openqa.selenium.remote.service.DriverCommandExecutor.execute(DriverCommandExecutor.java:142)
at org.openqa.selenium.remote.RemoteWebDriver.execute(RemoteWebDriver.java:558)
at org.openqa.selenium.remote.ElementLocation$ElementFinder$2.findElements(ElementLocation.java:179)
at org.openqa.selenium.remote.ElementLocation.findElements(ElementLocation.java:102)
at org.openqa.selenium.remote.RemoteWebDriver.findElements(RemoteWebDriver.java:397)
at org.openqa.selenium.remote.RemoteWebElement.findElements(RemoteWebElement.java:213)
at org.openqa.selenium.support.ui.Select.findOptionsByValue(Select.java:284)
at org.openqa.selenium.support.ui.Select.selectByValue(Select.java:190)
at com.SWAGLABS.Testcases.HomePage.filterationTest(HomePage.java:115)
at java.base/java.util.ArrayList.forEach(ArrayList.java:1511)
... Removed 32 stack frames]]>
    </failure>
  </testcase> <!-- filterationTest -->
  <testcase classname="com.SWAGLABS.Testcases.CartShopping" name="cancelTest" time="0.417"/>
  <testcase classname="com.SWAGLABS.Testcases.CartShopping" name="checkOutTest" time="1.633"/>
  <testcase classname="com.SWAGLABS.Testcases.CartShopping" name="continueShoppingTest" time="0.275"/>
  <testcase classname="com.SWAGLABS.Testcases.CartShopping" name="removeTest" time="0.162"/>
  <testcase classname="com.SWAGLABS.Testcases.MenuBar" name="aboutTest" time="13.672"/>
  <testcase classname="com.SWAGLABS.Testcases.MenuBar" name="allItemTest" time="0.353"/>
  <testcase classname="com.SWAGLABS.Testcases.MenuBar" name="logOutTest" time="0.446"/>
  <testcase classname="com.SWAGLABS.Testcases.MenuBar" name="resetAppStateTest" time="0.25"/>
  <testcase classname="com.SWAGLABS.Testcases.LoginPageTest" name="titleTest" time="0.03"/>
  <testcase classname="com.SWAGLABS.Testcases.LoginPageTest" name="urlCheck" time="0.179"/>
  <testcase classname="com.SWAGLABS.Testcases.LoginPageTest" name="logoTest" time="0.25"/>
  <testcase classname="com.SWAGLABS.Testcases.LoginPageTest" name="loginTest" time="1.519"/>
  <testcase classname="com.SWAGLABS.Testcases.LoginPageTest" name="loginTest" time="1.026"/>
  <testcase classname="com.SWAGLABS.Testcases.LoginPageTest" name="loginTest" time="1.068"/>
  <testcase classname="com.SWAGLABS.Testcases.LoginPageTest" name="loginTest" time="1.089"/>
</testsuite> <!-- End to End Test -->
